{"contracts\\Elems.sol":{"l":{"18":27,"19":27,"20":27,"21":27,"23":27,"24":27,"25":27,"30":0,"35":11,"37":10,"39":10,"40":10,"41":10,"43":10,"47":4,"48":3,"50":3},"path":"C:\\Users\\Владислав\\Desktop\\ERC721\\contracts\\Elems.sol","s":{"1":27,"2":27,"3":27,"4":27,"5":27,"6":27,"7":27,"8":0,"9":11,"10":10,"11":10,"12":10,"13":10,"14":10,"15":4,"16":3,"17":3},"b":{"1":[10,1],"2":[3,1],"3":[3,0]},"f":{"1":27,"2":0,"3":11,"4":4},"fnMap":{"1":{"name":"constructor","line":16,"loc":{"start":{"line":16,"column":4},"end":{"line":27,"column":4}}},"2":{"name":"supportsInterface","line":29,"loc":{"start":{"line":29,"column":4},"end":{"line":31,"column":4}}},"3":{"name":"mintNFT","line":34,"loc":{"start":{"line":34,"column":4},"end":{"line":44,"column":4}}},"4":{"name":"burnNFT","line":46,"loc":{"start":{"line":46,"column":4},"end":{"line":52,"column":4}}}},"statementMap":{"1":{"start":{"line":18,"column":8},"end":{"line":18,"column":49}},"2":{"start":{"line":19,"column":8},"end":{"line":19,"column":41}},"3":{"start":{"line":20,"column":8},"end":{"line":20,"column":42}},"4":{"start":{"line":21,"column":8},"end":{"line":21,"column":42}},"5":{"start":{"line":23,"column":8},"end":{"line":23,"column":52}},"6":{"start":{"line":24,"column":8},"end":{"line":24,"column":45}},"7":{"start":{"line":25,"column":8},"end":{"line":25,"column":45}},"8":{"start":{"line":30,"column":8},"end":{"line":30,"column":51}},"9":{"start":{"line":35,"column":8},"end":{"line":35,"column":74}},"10":{"start":{"line":37,"column":8},"end":{"line":37,"column":28}},"11":{"start":{"line":39,"column":8},"end":{"line":39,"column":47}},"12":{"start":{"line":40,"column":8},"end":{"line":40,"column":34}},"13":{"start":{"line":41,"column":8},"end":{"line":41,"column":40}},"14":{"start":{"line":43,"column":8},"end":{"line":43,"column":24}},"15":{"start":{"line":47,"column":8},"end":{"line":47,"column":74}},"16":{"start":{"line":48,"column":8},"end":{"line":48,"column":97}},"17":{"start":{"line":50,"column":8},"end":{"line":50,"column":21}}},"branchMap":{"1":{"line":35,"type":"if","locations":[{"start":{"line":35,"column":8},"end":{"line":35,"column":8}},{"start":{"line":35,"column":8},"end":{"line":35,"column":8}}]},"2":{"line":47,"type":"if","locations":[{"start":{"line":47,"column":8},"end":{"line":47,"column":8}},{"start":{"line":47,"column":8},"end":{"line":47,"column":8}}]},"3":{"line":48,"type":"if","locations":[{"start":{"line":48,"column":8},"end":{"line":48,"column":8}},{"start":{"line":48,"column":8},"end":{"line":48,"column":8}}]}}}}