{"contracts\\Items.sol":{"l":{"18":30,"19":30,"20":30,"21":30,"23":30,"24":30,"25":30,"32":0,"37":12,"39":11,"41":11,"45":5,"46":4,"48":3,"50":3},"path":"C:\\Users\\Владислав\\Desktop\\ERC1155\\contracts\\Items.sol","s":{"1":30,"2":30,"3":30,"4":30,"5":30,"6":30,"7":30,"8":0,"9":12,"10":11,"11":11,"12":5,"13":4,"14":3,"15":3},"b":{"1":[11,1],"2":[4,1],"3":[3,1]},"f":{"1":30,"2":0,"3":12,"4":5},"fnMap":{"1":{"name":"constructor","line":16,"loc":{"start":{"line":16,"column":4},"end":{"line":29,"column":4}}},"2":{"name":"supportsInterface","line":31,"loc":{"start":{"line":31,"column":4},"end":{"line":33,"column":4}}},"3":{"name":"mintNFT","line":36,"loc":{"start":{"line":36,"column":4},"end":{"line":42,"column":4}}},"4":{"name":"burnNFT","line":44,"loc":{"start":{"line":44,"column":4},"end":{"line":51,"column":4}}}},"statementMap":{"1":{"start":{"line":18,"column":8},"end":{"line":18,"column":49}},"2":{"start":{"line":19,"column":8},"end":{"line":19,"column":41}},"3":{"start":{"line":20,"column":8},"end":{"line":20,"column":42}},"4":{"start":{"line":21,"column":8},"end":{"line":21,"column":42}},"5":{"start":{"line":23,"column":8},"end":{"line":23,"column":52}},"6":{"start":{"line":24,"column":8},"end":{"line":24,"column":45}},"7":{"start":{"line":25,"column":8},"end":{"line":25,"column":45}},"8":{"start":{"line":32,"column":8},"end":{"line":32,"column":51}},"9":{"start":{"line":37,"column":8},"end":{"line":37,"column":74}},"10":{"start":{"line":39,"column":8},"end":{"line":39,"column":39}},"11":{"start":{"line":41,"column":8},"end":{"line":41,"column":19}},"12":{"start":{"line":45,"column":8},"end":{"line":45,"column":74}},"13":{"start":{"line":46,"column":8},"end":{"line":46,"column":79}},"14":{"start":{"line":48,"column":8},"end":{"line":48,"column":31}},"15":{"start":{"line":50,"column":8},"end":{"line":50,"column":19}}},"branchMap":{"1":{"line":37,"type":"if","locations":[{"start":{"line":37,"column":8},"end":{"line":37,"column":8}},{"start":{"line":37,"column":8},"end":{"line":37,"column":8}}]},"2":{"line":45,"type":"if","locations":[{"start":{"line":45,"column":8},"end":{"line":45,"column":8}},{"start":{"line":45,"column":8},"end":{"line":45,"column":8}}]},"3":{"line":46,"type":"if","locations":[{"start":{"line":46,"column":8},"end":{"line":46,"column":8}},{"start":{"line":46,"column":8},"end":{"line":46,"column":8}}]}}}}